2025-08-13 14:14:45 [scrapy.middleware] INFO: Enabled downloader middlewares:
['scrapy.downloadermiddlewares.offsite.OffsiteMiddleware',
 'scrapy.downloadermiddlewares.robotstxt.RobotsTxtMiddleware',
 'scrapy.downloadermiddlewares.httpauth.HttpAuthMiddleware',
 'scrapy.downloadermiddlewares.downloadtimeout.DownloadTimeoutMiddleware',
 'scrapy.downloadermiddlewares.defaultheaders.DefaultHeadersMiddleware',
 'NodeScrapy.middlewares.RandomUserAgentMiddleware',
 'scrapy.downloadermiddlewares.useragent.UserAgentMiddleware',
 'scrapy.downloadermiddlewares.retry.RetryMiddleware',
 'scrapy.downloadermiddlewares.redirect.MetaRefreshMiddleware',
 'scrapy.downloadermiddlewares.httpcompression.HttpCompressionMiddleware',
 'scrapy.downloadermiddlewares.redirect.RedirectMiddleware',
 'scrapy.downloadermiddlewares.cookies.CookiesMiddleware',
 'scrapy.downloadermiddlewares.httpproxy.HttpProxyMiddleware',
 'scrapy.downloadermiddlewares.stats.DownloaderStats']
2025-08-13 14:14:45 [scrapy.middleware] INFO: Enabled spider middlewares:
['scrapy.spidermiddlewares.start.StartSpiderMiddleware',
 'scrapy.spidermiddlewares.httperror.HttpErrorMiddleware',
 'scrapy.spidermiddlewares.referer.RefererMiddleware',
 'scrapy.spidermiddlewares.urllength.UrlLengthMiddleware',
 'scrapy.spidermiddlewares.depth.DepthMiddleware']
2025-08-13 14:14:45 [scrapy.middleware] INFO: Enabled item pipelines:
['NodeScrapy.pipelines.Pipeline']
2025-08-13 14:14:45 [scrapy.core.engine] INFO: Spider opened
2025-08-13 14:14:45 [py.warnings] WARNING: /opt/hostedtoolcache/Python/3.11.13/x64/lib/python3.11/site-packages/scrapy/core/spidermw.py:433: ScrapyDeprecationWarning: NodeScrapy.spiders.SimpleSpider.SimpleSpider defines the deprecated start_requests() method. start_requests() has been deprecated in favor of a new method, start(), to support asynchronous code execution. start_requests() will stop being called in a future version of Scrapy. If you use Scrapy 2.13 or higher only, replace start_requests() with start(); note that start() is a coroutine (async def). If you need to maintain compatibility with lower Scrapy versions, when overriding start_requests() in a spider class, override start() as well; you can use super() to reuse the inherited start() implementation without copy-pasting. See the release notes of Scrapy 2.13 for details: https://docs.scrapy.org/en/2.13/news.html
  warn(

2025-08-13 14:14:45 [scrapy.extensions.logstats] INFO: Crawled 0 pages (at 0 pages/min), scraped 0 items (at 0 items/min)
2025-08-13 14:14:45 [scrapy.extensions.telnet] INFO: Telnet console listening on 127.0.0.1:6023
2025-08-13 14:14:45 [simple] INFO: clashmeta start
2025-08-13 14:14:45 [simple] INFO: ndnode start
2025-08-13 14:14:45 [simple] INFO: nodev2ray start
2025-08-13 14:14:45 [simple] INFO: nodefree start
2025-08-13 14:14:45 [simple] INFO: v2rayshare start
2025-08-13 14:14:45 [simple] INFO: wenode start
2025-08-13 14:14:45 [simple] INFO: clashmeta found /free-nodes/2025-8-10-free-clash-meta-node.htm on 2025-08-10
2025-08-13 14:14:45 [simple] INFO: clashmeta found /free-nodes/2025-8-10-free-clash-meta-node.htm on 2025-08-10
2025-08-13 14:14:45 [simple] INFO: clashmeta found /free-nodes/2025-8-9-free-clash-meta-node.htm on 2025-08-09
2025-08-13 14:14:45 [simple] INFO: clashmeta found /free-nodes/2025-8-9-free-clash-meta-node.htm on 2025-08-09
2025-08-13 14:14:45 [simple] INFO: clashmeta found /free-nodes/2025-8-8-clash-meta-node-github.htm on 2025-08-08
2025-08-13 14:14:45 [simple] INFO: clashmeta found /free-nodes/2025-8-8-clash-meta-node-github.htm on 2025-08-08
2025-08-13 14:14:45 [simple] INFO: clashmeta found /free-nodes/2025-8-7-free-node-subscribe-links.htm on 2025-08-07
2025-08-13 14:14:45 [simple] INFO: clashmeta found /free-nodes/2025-8-7-free-node-subscribe-links.htm on 2025-08-07
2025-08-13 14:14:45 [simple] INFO: clashmeta found /free-nodes/2025-8-6-today-clash-meta-node.htm on 2025-08-06
2025-08-13 14:14:45 [simple] INFO: clashmeta found /free-nodes/2025-8-6-today-clash-meta-node.htm on 2025-08-06
2025-08-13 14:14:45 [simple] INFO: clashmeta found /free-nodes/2025-8-5-today-clash-meta-node.htm on 2025-08-05
2025-08-13 14:14:45 [simple] INFO: clashmeta found /free-nodes/2025-8-5-today-clash-meta-node.htm on 2025-08-05
2025-08-13 14:14:45 [simple] INFO: clashmeta found /free-nodes/2025-8-4-latest-clash-meta-node.htm on 2025-08-04
2025-08-13 14:14:45 [simple] INFO: clashmeta found /free-nodes/2025-8-4-latest-clash-meta-node.htm on 2025-08-04
2025-08-13 14:14:45 [simple] INFO: clashmeta found /free-nodes/2025-8-3-node-share.htm on 2025-08-03
2025-08-13 14:14:45 [simple] INFO: clashmeta found /free-nodes/2025-8-3-node-share.htm on 2025-08-03
2025-08-13 14:14:45 [simple] INFO: clashmeta found /free-nodes/2025-8-2-node-share.htm on 2025-08-02
2025-08-13 14:14:45 [simple] INFO: clashmeta found /free-nodes/2025-8-2-node-share.htm on 2025-08-02
2025-08-13 14:14:45 [simple] INFO: clashmeta found /free-nodes/2025-8-1-node-share-links.htm on 2025-08-01
2025-08-13 14:14:45 [simple] INFO: clashmeta found /free-nodes/2025-8-1-node-share-links.htm on 2025-08-01
2025-08-13 14:14:45 [simple] INFO: clashmeta found /free-nodes/2025-7-31-latest-clash-meta-node.htm on 2025-07-31
2025-08-13 14:14:45 [simple] INFO: clashmeta found /free-nodes/2025-7-31-latest-clash-meta-node.htm on 2025-07-31
2025-08-13 14:14:45 [simple] INFO: clashmeta found /free-nodes/2025-7-30-node-share-links.htm on 2025-07-30
2025-08-13 14:14:45 [simple] INFO: clashmeta found /free-nodes/2025-7-30-node-share-links.htm on 2025-07-30
2025-08-13 14:14:45 [simple] INFO: clashmeta found /free-nodes/2025-7-29-clash-meta-node-github.htm on 2025-07-29
2025-08-13 14:14:45 [simple] INFO: clashmeta found /free-nodes/2025-7-29-clash-meta-node-github.htm on 2025-07-29
2025-08-13 14:14:45 [simple] INFO: clashmeta found /free-nodes/2025-7-28-clash-meta-node-share.htm on 2025-07-28
2025-08-13 14:14:45 [simple] INFO: clashmeta found /free-nodes/2025-7-28-clash-meta-node-share.htm on 2025-07-28
2025-08-13 14:14:45 [simple] INFO: clashmeta found /free-nodes/2025-7-27-free-node-subscribe.htm on 2025-07-27
2025-08-13 14:14:45 [simple] INFO: clashmeta found /free-nodes/2025-7-27-free-node-subscribe.htm on 2025-07-27
2025-08-13 14:14:45 [simple] INFO: clashmeta found /free-nodes/2025-7-26-free-clash-meta-node.htm on 2025-07-26
2025-08-13 14:14:45 [simple] INFO: clashmeta found /free-nodes/2025-7-26-free-clash-meta-node.htm on 2025-07-26
2025-08-13 14:14:45 [simple] INFO: clashmeta found /free-nodes/2025-7-25-clash-meta-node-github.htm on 2025-07-25
2025-08-13 14:14:45 [simple] INFO: clashmeta found /free-nodes/2025-7-25-clash-meta-node-github.htm on 2025-07-25
2025-08-13 14:14:45 [simple] INFO: clashmeta found /free-nodes/2025-7-24-free-high-speed-nodes.htm on 2025-07-24
2025-08-13 14:14:45 [simple] INFO: clashmeta found /free-nodes/2025-7-24-free-high-speed-nodes.htm on 2025-07-24
2025-08-13 14:14:45 [simple] INFO: clashmeta found /free-nodes/2025-7-23-clash-meta-node-share.htm on 2025-07-23
2025-08-13 14:14:45 [simple] INFO: clashmeta found /free-nodes/2025-7-23-clash-meta-node-share.htm on 2025-07-23
2025-08-13 14:14:45 [simple] INFO: clashmeta found /free-nodes/2025-7-22-clash-meta-node.htm on 2025-07-22
2025-08-13 14:14:45 [simple] INFO: clashmeta found /free-nodes/2025-7-22-clash-meta-node.htm on 2025-07-22
2025-08-13 14:14:45 [simple] INFO: clashmeta needs update, accessing https://clash-meta.github.io/free-nodes/2025-8-10-free-clash-meta-node.htm
2025-08-13 14:14:45 [simple] INFO: clashmeta needs update, accessing https://clash-meta.github.io/free-nodes/2025-8-10-free-clash-meta-node.htm
2025-08-13 14:14:45 [simple] INFO: clashmeta needs update, accessing https://clash-meta.github.io/free-nodes/2025-8-9-free-clash-meta-node.htm
2025-08-13 14:14:45 [simple] INFO: nodev2ray found /free-node/2025-8-13-free-ssr-node.htm on 2025-08-13
2025-08-13 14:14:45 [simple] INFO: nodev2ray needs update, accessing https://nodev2ray.com/free-node/2025-8-13-free-ssr-node.htm
2025-08-13 14:14:45 [simple] INFO: nodev2ray needs update, accessing https://nodev2ray.com/news/article-722.htm
2025-08-13 14:14:45 [simple] INFO: nodev2ray needs update, accessing https://nodev2ray.com/news/article-720.htm
2025-08-13 14:14:45 [simple] INFO: ndnode needs update, accessing https://www.naidounode.com/
2025-08-13 14:14:45 [simple] INFO: ndnode needs update, accessing https://www.naidounode.com/freenode
2025-08-13 14:14:45 [simple] INFO: ndnode needs update, accessing https://www.naidounode.com
2025-08-13 14:14:45 [simple] WARNING: clashmeta could not parse https://clash-meta.github.io/uploads/20240803-1/e1d857b9f9b9d9ac24475dec53749f34.webp" /, skipping
2025-08-13 14:14:45 [simple] INFO: clashmeta found https://clash-meta.github.io/uploads/2025/08/0-20250810.yaml
2025-08-13 14:14:45 [simple] INFO: clashmeta found https://clash-meta.github.io/uploads/2025/08/1-20250810.yaml
2025-08-13 14:14:45 [simple] INFO: clashmeta found https://clash-meta.github.io/uploads/2025/08/4-20250810.yaml
2025-08-13 14:14:45 [simple] INFO: clashmeta found https://clash-meta.github.io/uploads/2025/08/1-20250810.txt
2025-08-13 14:14:45 [simple] INFO: clashmeta found https://clash-meta.github.io/uploads/2025/08/2-20250810.txt
2025-08-13 14:14:45 [simple] INFO: clashmeta found https://clash-meta.github.io/uploads/2025/08/3-20250810.txt
2025-08-13 14:14:45 [simple] INFO: clashmeta found https://clash-meta.github.io/uploads/2025/08/4-20250810.txt
2025-08-13 14:14:45 [simple] WARNING: clashmeta could not parse https://clash-meta.github.io/uploads/2025/08/20250810.json, skipping
2025-08-13 14:14:45 [simple] WARNING: clashmeta could not parse https://clash-meta.github.io/uploads/20240803-1/3f86bea69bc0ebc33ac3352552a480bb.webp" /, skipping
2025-08-13 14:14:45 [simple] INFO: clashmeta found https://clash-meta.github.io/uploads/2025/08/0-20250809.yaml
2025-08-13 14:14:45 [simple] INFO: clashmeta found https://clash-meta.github.io/uploads/2025/08/1-20250809.yaml
2025-08-13 14:14:45 [simple] INFO: clashmeta found https://clash-meta.github.io/uploads/2025/08/1-20250809.txt
2025-08-13 14:14:45 [simple] INFO: clashmeta found https://clash-meta.github.io/uploads/2025/08/2-20250809.txt
2025-08-13 14:14:45 [simple] INFO: clashmeta found https://clash-meta.github.io/uploads/2025/08/3-20250809.txt
2025-08-13 14:14:45 [simple] WARNING: clashmeta could not parse https://clash-meta.github.io/uploads/2025/08/20250809.json, skipping
2025-08-13 14:14:46 [simple] INFO: Pipeline processing clashmeta.yaml
2025-08-13 14:14:46 [simple] INFO: Pipeline processed clashmeta.yaml
2025-08-13 14:14:46 [simple] INFO: Pipeline processing clashmeta.txt
2025-08-13 14:14:46 [simple] INFO: Pipeline processed clashmeta.txt
2025-08-13 14:14:46 [simple] INFO: Pipeline processing clashmeta.txt
2025-08-13 14:14:46 [simple] INFO: Pipeline processed clashmeta.txt
2025-08-13 14:14:46 [simple] INFO: Pipeline processing clashmeta.yaml
2025-08-13 14:14:46 [simple] INFO: Pipeline processed clashmeta.yaml
2025-08-13 14:14:46 [simple] INFO: Pipeline processing clashmeta.txt
2025-08-13 14:14:46 [simple] INFO: Pipeline processed clashmeta.txt
2025-08-13 14:14:46 [simple] INFO: Pipeline processing clashmeta.txt
2025-08-13 14:14:46 [simple] INFO: Pipeline processed clashmeta.txt
2025-08-13 14:14:46 [simple] INFO: Pipeline processing clashmeta.yaml
2025-08-13 14:14:47 [simple] INFO: Pipeline processed clashmeta.yaml
2025-08-13 14:14:47 [simple] INFO: Pipeline processing clashmeta.yaml
2025-08-13 14:14:47 [simple] INFO: Pipeline processed clashmeta.yaml
2025-08-13 14:14:47 [simple] INFO: Pipeline processing clashmeta.txt
2025-08-13 14:14:47 [simple] INFO: Pipeline processed clashmeta.txt
2025-08-13 14:14:47 [simple] INFO: Pipeline processing clashmeta.txt
2025-08-13 14:14:47 [simple] INFO: Pipeline processed clashmeta.txt
2025-08-13 14:14:47 [simple] INFO: Pipeline processing clashmeta.txt
2025-08-13 14:14:47 [simple] INFO: Pipeline processed clashmeta.txt
2025-08-13 14:14:47 [simple] INFO: nodev2ray found https://node.nodev2ray.com/uploads/2025/08/1-20250813.txt
2025-08-13 14:14:47 [simple] INFO: nodev2ray found https://node.nodev2ray.com/uploads/2025/08/2-20250813.txt
2025-08-13 14:14:47 [simple] INFO: nodev2ray found https://node.nodev2ray.com/uploads/2025/08/3-20250813.txt
2025-08-13 14:14:47 [simple] INFO: nodev2ray found https://node.nodev2ray.com/uploads/2025/08/0-20250813.yaml
2025-08-13 14:14:47 [simple] INFO: nodev2ray found https://node.nodev2ray.com/uploads/2025/08/2-20250813.yaml
2025-08-13 14:14:47 [simple] INFO: nodev2ray found https://node.nodev2ray.com/uploads/2025/08/3-20250813.yaml
2025-08-13 14:14:47 [simple] WARNING: nodev2ray could not parse https://node.nodev2ray.com/uploads/2025/08/20250813.json, skipping
2025-08-13 14:14:47 [simple] INFO: Pipeline processing clashmeta.yaml
2025-08-13 14:14:47 [simple] INFO: Pipeline processed clashmeta.yaml
2025-08-13 14:14:47 [simple] INFO: v2rayshare found https://v2rayshare.net/p/4237.html on 2025-08-13
2025-08-13 14:14:47 [simple] INFO: v2rayshare found https://v2rayshare.net/p/4238.html on 2025-08-12
2025-08-13 14:14:47 [simple] INFO: v2rayshare found https://v2rayshare.net/p/4239.html on 2025-08-11
2025-08-13 14:14:47 [simple] INFO: v2rayshare found https://v2rayshare.net/p/4240.html on 2025-08-10
2025-08-13 14:14:47 [simple] INFO: v2rayshare found https://v2rayshare.net/p/4241.html on 2025-08-09
2025-08-13 14:14:47 [simple] INFO: v2rayshare found https://v2rayshare.net/p/4242.html on 2025-08-08
2025-08-13 14:14:47 [simple] INFO: v2rayshare found https://v2rayshare.net/p/4243.html on 2025-08-07
2025-08-13 14:14:47 [simple] INFO: v2rayshare found https://v2rayshare.net/p/4244.html on 2025-08-06
2025-08-13 14:14:47 [simple] INFO: v2rayshare found https://v2rayshare.net/p/4246.html on 2025-08-04
2025-08-13 14:14:47 [simple] INFO: v2rayshare found https://v2rayshare.net/p/4247.html on 2025-08-03
2025-08-13 14:14:47 [simple] INFO: v2rayshare needs update, accessing https://v2rayshare.net/p/4237.html
2025-08-13 14:14:47 [simple] INFO: v2rayshare needs update, accessing https://v2rayshare.net/p/4238.html
2025-08-13 14:14:47 [simple] INFO: v2rayshare needs update, accessing https://v2rayshare.net/p/4239.html
2025-08-13 14:14:47 [simple] INFO: nodefree found https://nodefree.me/p/2823.html on 2025-08-13
2025-08-13 14:14:47 [simple] INFO: nodefree found https://nodefree.me/p/2824.html on 2025-08-12
2025-08-13 14:14:47 [simple] INFO: nodefree found https://nodefree.me/p/2825.html on 2025-08-11
2025-08-13 14:14:47 [simple] INFO: nodefree found https://nodefree.me/p/2826.html on 2025-08-10
2025-08-13 14:14:47 [simple] INFO: nodefree found https://nodefree.me/p/2827.html on 2025-08-09
2025-08-13 14:14:47 [simple] INFO: nodefree found https://nodefree.me/p/2828.html on 2025-08-08
2025-08-13 14:14:47 [simple] INFO: nodefree found https://nodefree.me/p/2829.html on 2025-08-07
2025-08-13 14:14:47 [simple] INFO: nodefree found https://nodefree.me/p/2830.html on 2025-08-06
2025-08-13 14:14:47 [simple] INFO: nodefree found https://nodefree.me/p/2831.html on 2025-08-05
2025-08-13 14:14:47 [simple] INFO: nodefree found https://nodefree.me/p/2832.html on 2025-08-04
2025-08-13 14:14:47 [simple] INFO: nodefree needs update, accessing https://nodefree.me/p/2823.html
2025-08-13 14:14:47 [simple] INFO: nodefree needs update, accessing https://nodefree.me/p/2824.html
2025-08-13 14:14:47 [simple] INFO: nodefree needs update, accessing https://nodefree.me/p/2825.html
2025-08-13 14:14:47 [simple] INFO: v2rayshare found https://v2rayshare.githubrowcontent.com/2025/08/20250811.txt
2025-08-13 14:14:47 [simple] INFO: v2rayshare found https://v2rayshare.githubrowcontent.com/2025/08/20250811.yaml
2025-08-13 14:14:47 [simple] INFO: v2rayshare found https://v2rayshare.githubrowcontent.com/2025/08/20250813.txt
2025-08-13 14:14:47 [simple] INFO: v2rayshare found https://v2rayshare.githubrowcontent.com/2025/08/20250813.yaml
2025-08-13 14:14:47 [simple] INFO: v2rayshare found https://v2rayshare.githubrowcontent.com/2025/08/20250812.txt
2025-08-13 14:14:47 [simple] INFO: v2rayshare found https://v2rayshare.githubrowcontent.com/2025/08/20250812.yaml
2025-08-13 14:14:48 [simple] INFO: nodefree found https://nodefree.githubrowcontent.com/2025/08/20250812.txt
2025-08-13 14:14:48 [simple] INFO: nodefree found https://nodefree.githubrowcontent.com/2025/08/20250812.yaml
2025-08-13 14:14:48 [simple] INFO: nodefree found https://nodefree.githubrowcontent.com/2025/08/20250813.txt
2025-08-13 14:14:48 [simple] INFO: nodefree found https://nodefree.githubrowcontent.com/2025/08/20250813.yaml
2025-08-13 14:14:48 [simple] INFO: nodefree found https://nodefree.githubrowcontent.com/2025/08/20250811.txt
2025-08-13 14:14:48 [simple] INFO: nodefree found https://nodefree.githubrowcontent.com/2025/08/20250811.yaml
2025-08-13 14:14:48 [simple] INFO: Pipeline processing v2rayshare.txt
2025-08-13 14:14:48 [simple] INFO: Pipeline processed v2rayshare.txt
2025-08-13 14:14:48 [simple] INFO: Pipeline processing v2rayshare.txt
2025-08-13 14:14:48 [simple] INFO: Pipeline processed v2rayshare.txt
2025-08-13 14:14:48 [simple] INFO: Pipeline processing v2rayshare.yaml
2025-08-13 14:14:48 [simple] INFO: Pipeline processed v2rayshare.yaml
2025-08-13 14:14:48 [simple] INFO: Pipeline processing v2rayshare.yaml
2025-08-13 14:14:49 [simple] INFO: Pipeline processed v2rayshare.yaml
2025-08-13 14:14:49 [simple] INFO: Pipeline processing v2rayshare.yaml
2025-08-13 14:14:49 [simple] INFO: Pipeline processed v2rayshare.yaml
2025-08-13 14:14:49 [simple] INFO: Pipeline processing v2rayshare.txt
2025-08-13 14:14:49 [simple] INFO: Pipeline processed v2rayshare.txt
2025-08-13 14:14:49 [simple] INFO: Pipeline processing nodefree.txt
2025-08-13 14:14:49 [simple] INFO: Pipeline processed nodefree.txt
2025-08-13 14:14:49 [simple] INFO: Pipeline processing nodefree.txt
2025-08-13 14:14:49 [simple] INFO: Pipeline processed nodefree.txt
2025-08-13 14:14:49 [simple] INFO: Pipeline processing nodefree.txt
2025-08-13 14:14:49 [simple] INFO: Pipeline processed nodefree.txt
2025-08-13 14:14:49 [simple] INFO: Pipeline processing nodefree.yaml
2025-08-13 14:14:49 [simple] INFO: Pipeline processed nodefree.yaml
2025-08-13 14:14:49 [simple] INFO: Pipeline processing nodefree.yaml
2025-08-13 14:14:50 [simple] INFO: Pipeline processed nodefree.yaml
2025-08-13 14:14:50 [simple] INFO: Pipeline processing nodefree.yaml
2025-08-13 14:14:50 [simple] INFO: Pipeline processed nodefree.yaml
2025-08-13 14:14:50 [scrapy.core.engine] INFO: Closing spider (finished)
2025-08-13 14:14:50 [scrapy.statscollectors] INFO: Dumping Scrapy stats:
{'downloader/exception_count': 6,
 'downloader/exception_type_count/scrapy.exceptions.IgnoreRequest': 6,
 'downloader/request_bytes': 23116,
 'downloader/request_count': 63,
 'downloader/request_method_count/GET': 63,
 'downloader/response_bytes': 1523077,
 'downloader/response_count': 63,
 'downloader/response_status_count/200': 47,
 'downloader/response_status_count/301': 9,
 'downloader/response_status_count/404': 7,
 'dupefilter/filtered': 3,
 'elapsed_time_seconds': 5.132163,
 'finish_reason': 'finished',
 'finish_time': datetime.datetime(2025, 8, 13, 14, 14, 50, 341340, tzinfo=datetime.timezone.utc),
 'httpcompression/response_bytes': 1962680,
 'httpcompression/response_count': 42,
 'item_scraped_count': 24,
 'items_per_minute': 288.0,
 'log_count/INFO': 170,
 'log_count/WARNING': 7,
 'memusage/max': 303947776,
 'memusage/startup': 303947776,
 'request_depth_max': 2,
 'response_received_count': 54,
 'responses_per_minute': 648.0,
 'robotstxt/forbidden': 6,
 'robotstxt/request_count': 12,
 'robotstxt/response_count': 12,
 'robotstxt/response_status_count/200': 5,
 'robotstxt/response_status_count/404': 7,
 'scheduler/dequeued': 51,
 'scheduler/dequeued/memory': 51,
 'scheduler/enqueued': 51,
 'scheduler/enqueued/memory': 51,
 'start_time': datetime.datetime(2025, 8, 13, 14, 14, 45, 209177, tzinfo=datetime.timezone.utc)}
2025-08-13 14:14:50 [scrapy.core.engine] INFO: Spider closed (finished)
2025-08-13 14:14:54 [scrapy.addons] INFO: Enabled addons:
[]
2025-08-13 14:14:54 [py.warnings] WARNING: /opt/hostedtoolcache/Python/3.11.13/x64/lib/python3.11/site-packages/scrapy/utils/request.py:120: ScrapyDeprecationWarning: 'REQUEST_FINGERPRINTER_IMPLEMENTATION' is a deprecated setting.
It will be removed in a future version of Scrapy.
  return cls(crawler)

2025-08-13 14:14:54 [scrapy.extensions.telnet] INFO: Telnet Password: 65c2f7ed4e3d85ac
2025-08-13 14:14:54 [scrapy.middleware] INFO: Enabled extensions:
['scrapy.extensions.corestats.CoreStats',
 'scrapy.extensions.telnet.TelnetConsole',
 'scrapy.extensions.memusage.MemoryUsage',
 'scrapy.extensions.logstats.LogStats']
2025-08-13 14:14:54 [scrapy.crawler] INFO: Overridden settings:
{'BOT_NAME': 'NodeScrapy',
 'FEED_EXPORT_ENCODING': 'utf-8',
 'LOG_FILE': 'scrapy.log',
 'LOG_LEVEL': 'INFO',
 'NEWSPIDER_MODULE': 'NodeScrapy.spiders',
 'REQUEST_FINGERPRINTER_IMPLEMENTATION': '2.7',
 'ROBOTSTXT_OBEY': True,
 'SPIDER_MODULES': ['NodeScrapy.spiders']}
2025-08-13 14:14:54 [scrapy.middleware] INFO: Enabled downloader middlewares:
['scrapy.downloadermiddlewares.offsite.OffsiteMiddleware',
 'scrapy.downloadermiddlewares.robotstxt.RobotsTxtMiddleware',
 'scrapy.downloadermiddlewares.httpauth.HttpAuthMiddleware',
 'scrapy.downloadermiddlewares.downloadtimeout.DownloadTimeoutMiddleware',
 'scrapy.downloadermiddlewares.defaultheaders.DefaultHeadersMiddleware',
 'NodeScrapy.middlewares.RandomUserAgentMiddleware',
 'scrapy.downloadermiddlewares.useragent.UserAgentMiddleware',
 'scrapy.downloadermiddlewares.retry.RetryMiddleware',
 'scrapy.downloadermiddlewares.redirect.MetaRefreshMiddleware',
 'scrapy.downloadermiddlewares.httpcompression.HttpCompressionMiddleware',
 'scrapy.downloadermiddlewares.redirect.RedirectMiddleware',
 'scrapy.downloadermiddlewares.cookies.CookiesMiddleware',
 'scrapy.downloadermiddlewares.httpproxy.HttpProxyMiddleware',
 'scrapy.downloadermiddlewares.stats.DownloaderStats']
2025-08-13 14:14:54 [scrapy.middleware] INFO: Enabled spider middlewares:
['scrapy.spidermiddlewares.start.StartSpiderMiddleware',
 'scrapy.spidermiddlewares.httperror.HttpErrorMiddleware',
 'scrapy.spidermiddlewares.referer.RefererMiddleware',
 'scrapy.spidermiddlewares.urllength.UrlLengthMiddleware',
 'scrapy.spidermiddlewares.depth.DepthMiddleware']
2025-08-13 14:14:54 [scrapy.middleware] INFO: Enabled item pipelines:
['NodeScrapy.pipelines.Pipeline']
2025-08-13 14:14:54 [scrapy.core.engine] INFO: Spider opened
2025-08-13 14:14:54 [py.warnings] WARNING: /opt/hostedtoolcache/Python/3.11.13/x64/lib/python3.11/site-packages/scrapy/core/spidermw.py:433: ScrapyDeprecationWarning: NodeScrapy.spiders.SimpleSpider.SimpleSpider (inherited by NodeScrapy.spiders.DecryptSpider.DecryptSpider) defines the deprecated start_requests() method. start_requests() has been deprecated in favor of a new method, start(), to support asynchronous code execution. start_requests() will stop being called in a future version of Scrapy. If you use Scrapy 2.13 or higher only, replace start_requests() with start(); note that start() is a coroutine (async def). If you need to maintain compatibility with lower Scrapy versions, when overriding start_requests() in a spider class, override start() as well; you can use super() to reuse the inherited start() implementation without copy-pasting. See the release notes of Scrapy 2.13 for details: https://docs.scrapy.org/en/2.13/news.html
  warn(

2025-08-13 14:14:54 [scrapy.extensions.logstats] INFO: Crawled 0 pages (at 0 pages/min), scraped 0 items (at 0 items/min)
2025-08-13 14:14:54 [scrapy.extensions.telnet] INFO: Telnet console listening on 127.0.0.1:6023
2025-08-13 14:14:54 [decrypt] INFO: yudou66 start
2025-08-13 14:14:54 [decrypt] INFO: blues start
2025-08-13 14:14:55 [scrapy.core.downloader.tls] WARNING: Remote certificate is not valid for hostname "www.yudou66.com"; VerificationError(errors=[DNSMismatch(mismatched_id=DNS_ID(hostname=b'www.yudou66.com'))])
2025-08-13 14:14:55 [scrapy.spidermiddlewares.httperror] INFO: Ignoring response <403 https://www.yudou66.com>: HTTP status code is not handled or not allowed
2025-08-13 14:15:00 [decrypt] INFO: blues found https://blues2022.blogspot.com/2025/08/20258134kchatgpt4k8kclashv2ray.html on 2025-08-13
2025-08-13 14:15:00 [decrypt] INFO: blues found https://blues2022.blogspot.com/2025/08/20258124kchatgpt4k8kclashv2ray.html on 2025-08-12
2025-08-13 14:15:00 [decrypt] INFO: blues found https://blues2022.blogspot.com/2025/08/20258114kchatgpt4k8kclashv2ray.html on 2025-08-11
2025-08-13 14:15:00 [decrypt] INFO: blues found https://blues2022.blogspot.com/2025/08/20258104kchatgpt4k8kclashv2ray.html on 2025-08-10
2025-08-13 14:15:00 [decrypt] INFO: blues found https://blues2022.blogspot.com/2025/08/2025894kchatgpt4k8kclashv2ray.html on 2025-08-09
2025-08-13 14:15:00 [decrypt] INFO: blues found https://blues2022.blogspot.com/2025/08/2025884kchatgpt4k8kclashv2ray.html on 2025-08-08
2025-08-13 14:15:00 [decrypt] INFO: blues found https://blues2022.blogspot.com/2025/08/2025874kchatgpt4k8kclashv2ray.html on 2025-08-07
2025-08-13 14:15:00 [decrypt] INFO: blues found https://blues2022.blogspot.com/2025/08/2025864kchatgpt4k8kclashv2ray.html on 2025-08-06
2025-08-13 14:15:00 [decrypt] INFO: blues found https://blues2022.blogspot.com/2025/08/2025854kchatgpt4k8kclashv2ray.html on 2025-08-05
2025-08-13 14:15:00 [decrypt] INFO: blues found https://blues2022.blogspot.com/2025/08/2025844kchatgpt4k8kclashv2ray.html on 2025-08-04
2025-08-13 14:15:00 [decrypt] INFO: blues found https://blues2022.blogspot.com/2025/08/2025884kchatgpt4k8kclashv2ray.html on 2025-08-08
2025-08-13 14:15:00 [decrypt] INFO: blues found https://blues2022.blogspot.com/2025/08/20258104kchatgpt4k8kclashv2ray.html on 2025-08-10
2025-08-13 14:15:00 [decrypt] INFO: blues found https://blues2022.blogspot.com/2025/08/20258124kchatgpt4k8kclashv2ray.html on 2025-08-12
2025-08-13 14:15:00 [decrypt] INFO: blues found https://blues2022.blogspot.com/2025/08/2025874kchatgpt4k8kclashv2ray.html on 2025-08-07
2025-08-13 14:15:00 [decrypt] INFO: blues found https://blues2022.blogspot.com/2025/08/2025894kchatgpt4k8kclashv2ray.html on 2025-08-09
2025-08-13 14:15:00 [decrypt] INFO: blues needs update, accessing https://blues2022.blogspot.com/2025/08/20258134kchatgpt4k8kclashv2ray.html
2025-08-13 14:15:00 [decrypt] INFO: blues needs update, accessing https://blues2022.blogspot.com/2025/08/20258124kchatgpt4k8kclashv2ray.html
2025-08-13 14:15:00 [decrypt] INFO: blues needs update, accessing https://blues2022.blogspot.com/2025/08/20258114kchatgpt4k8kclashv2ray.html
2025-08-13 14:15:00 [decrypt] INFO: blues found yt_url: https://youtu.be/yF-c-xZgLJU
2025-08-13 14:17:19 [scrapy.core.scraper] ERROR: Spider error processing <GET https://blues2022.blogspot.com/2025/08/20258114kchatgpt4k8kclashv2ray.html> (referer: https://blues2022.blogspot.com/?m=1)
Traceback (most recent call last):
  File "/opt/hostedtoolcache/Python/3.11.13/x64/lib/python3.11/urllib/request.py", line 1348, in do_open
    h.request(req.get_method(), req.selector, req.data, headers,
  File "/opt/hostedtoolcache/Python/3.11.13/x64/lib/python3.11/http/client.py", line 1303, in request
    self._send_request(method, url, body, headers, encode_chunked)
  File "/opt/hostedtoolcache/Python/3.11.13/x64/lib/python3.11/http/client.py", line 1349, in _send_request
    self.endheaders(body, encode_chunked=encode_chunked)
  File "/opt/hostedtoolcache/Python/3.11.13/x64/lib/python3.11/http/client.py", line 1298, in endheaders
    self._send_output(message_body, encode_chunked=encode_chunked)
  File "/opt/hostedtoolcache/Python/3.11.13/x64/lib/python3.11/http/client.py", line 1058, in _send_output
    self.send(msg)
  File "/opt/hostedtoolcache/Python/3.11.13/x64/lib/python3.11/http/client.py", line 996, in send
    self.connect()
  File "/opt/hostedtoolcache/Python/3.11.13/x64/lib/python3.11/http/client.py", line 1468, in connect
    super().connect()
  File "/opt/hostedtoolcache/Python/3.11.13/x64/lib/python3.11/http/client.py", line 962, in connect
    self.sock = self._create_connection(
                ^^^^^^^^^^^^^^^^^^^^^^^^
  File "/opt/hostedtoolcache/Python/3.11.13/x64/lib/python3.11/socket.py", line 863, in create_connection
    raise exceptions[0]
  File "/opt/hostedtoolcache/Python/3.11.13/x64/lib/python3.11/socket.py", line 848, in create_connection
    sock.connect(sa)
OSError: [Errno 101] Network is unreachable

During handling of the above exception, another exception occurred:

Traceback (most recent call last):
  File "/opt/hostedtoolcache/Python/3.11.13/x64/lib/python3.11/site-packages/scrapy/utils/defer.py", line 343, in iter_errback
    yield next(it)
          ^^^^^^^^
  File "/opt/hostedtoolcache/Python/3.11.13/x64/lib/python3.11/site-packages/scrapy/utils/python.py", line 369, in __next__
    return next(self.data)
           ^^^^^^^^^^^^^^^
  File "/opt/hostedtoolcache/Python/3.11.13/x64/lib/python3.11/site-packages/scrapy/utils/python.py", line 369, in __next__
    return next(self.data)
           ^^^^^^^^^^^^^^^
  File "/opt/hostedtoolcache/Python/3.11.13/x64/lib/python3.11/site-packages/scrapy/core/spidermw.py", line 167, in process_sync
    yield from iterable
  File "/opt/hostedtoolcache/Python/3.11.13/x64/lib/python3.11/site-packages/scrapy/spidermiddlewares/base.py", line 58, in process_spider_output
    for o in result:
  File "/opt/hostedtoolcache/Python/3.11.13/x64/lib/python3.11/site-packages/scrapy/core/spidermw.py", line 167, in process_sync
    yield from iterable
  File "/opt/hostedtoolcache/Python/3.11.13/x64/lib/python3.11/site-packages/scrapy/spidermiddlewares/base.py", line 58, in process_spider_output
    for o in result:
  File "/opt/hostedtoolcache/Python/3.11.13/x64/lib/python3.11/site-packages/scrapy/core/spidermw.py", line 167, in process_sync
    yield from iterable
  File "/opt/hostedtoolcache/Python/3.11.13/x64/lib/python3.11/site-packages/scrapy/spidermiddlewares/base.py", line 58, in process_spider_output
    for o in result:
  File "/opt/hostedtoolcache/Python/3.11.13/x64/lib/python3.11/site-packages/scrapy/core/spidermw.py", line 167, in process_sync
    yield from iterable
  File "/opt/hostedtoolcache/Python/3.11.13/x64/lib/python3.11/site-packages/scrapy/spidermiddlewares/depth.py", line 59, in process_spider_output
    yield from super().process_spider_output(response, result, spider)
  File "/opt/hostedtoolcache/Python/3.11.13/x64/lib/python3.11/site-packages/scrapy/spidermiddlewares/base.py", line 58, in process_spider_output
    for o in result:
  File "/opt/hostedtoolcache/Python/3.11.13/x64/lib/python3.11/site-packages/scrapy/core/spidermw.py", line 167, in process_sync
    yield from iterable
  File "/home/runner/work/Nodes/Nodes/NodeScrapy/spiders/DecryptSpider.py", line 76, in parse_blog
    pwdfinder = PwdFinder(name, self.logger, yt_url)
                ^^^^^^^^^^^^^^^^^^^^^^^^^^^^^^^^^^^^
  File "/home/runner/work/Nodes/Nodes/utils/PwdFinder.py", line 65, in __init__
    match = re.search(r"(?:\d{4}[-年])?(\d{1,2})[-月](\d{1,2})", yt.title)
                                                                 ^^^^^^^^
  File "/opt/hostedtoolcache/Python/3.11.13/x64/lib/python3.11/site-packages/pytubefix/__main__.py", line 792, in title
    self._author = self.vid_info.get("videoDetails", {}).get(
                   ^^^^^^^^^^^^^
  File "/opt/hostedtoolcache/Python/3.11.13/x64/lib/python3.11/site-packages/pytubefix/__main__.py", line 518, in vid_info
    innertube_response = call_innertube()
                         ^^^^^^^^^^^^^^^^
  File "/opt/hostedtoolcache/Python/3.11.13/x64/lib/python3.11/site-packages/pytubefix/__main__.py", line 500, in call_innertube
    innertube.innertube_context.update(self.signature_timestamp)
                                       ^^^^^^^^^^^^^^^^^^^^^^^^
  File "/opt/hostedtoolcache/Python/3.11.13/x64/lib/python3.11/site-packages/pytubefix/__main__.py", line 451, in signature_timestamp
    'signatureTimestamp': extract.signature_timestamp(self.js)
                                                      ^^^^^^^
  File "/opt/hostedtoolcache/Python/3.11.13/x64/lib/python3.11/site-packages/pytubefix/__main__.py", line 220, in js
    self._js = request.get(self.js_url)
               ^^^^^^^^^^^^^^^^^^^^^^^^
  File "/opt/hostedtoolcache/Python/3.11.13/x64/lib/python3.11/site-packages/pytubefix/request.py", line 51, in get
    response = _execute_request(url, headers=extra_headers, timeout=timeout)
               ^^^^^^^^^^^^^^^^^^^^^^^^^^^^^^^^^^^^^^^^^^^^^^^^^^^^^^^^^^^^^
  File "/opt/hostedtoolcache/Python/3.11.13/x64/lib/python3.11/site-packages/pytubefix/request.py", line 35, in _execute_request
    return urlopen(request, timeout=timeout)  # nosec
           ^^^^^^^^^^^^^^^^^^^^^^^^^^^^^^^^^
  File "/opt/hostedtoolcache/Python/3.11.13/x64/lib/python3.11/urllib/request.py", line 216, in urlopen
    return opener.open(url, data, timeout)
           ^^^^^^^^^^^^^^^^^^^^^^^^^^^^^^^
  File "/opt/hostedtoolcache/Python/3.11.13/x64/lib/python3.11/urllib/request.py", line 519, in open
    response = self._open(req, data)
               ^^^^^^^^^^^^^^^^^^^^^
  File "/opt/hostedtoolcache/Python/3.11.13/x64/lib/python3.11/urllib/request.py", line 536, in _open
    result = self._call_chain(self.handle_open, protocol, protocol +
             ^^^^^^^^^^^^^^^^^^^^^^^^^^^^^^^^^^^^^^^^^^^^^^^^^^^^^^^
  File "/opt/hostedtoolcache/Python/3.11.13/x64/lib/python3.11/urllib/request.py", line 496, in _call_chain
    result = func(*args)
             ^^^^^^^^^^^
  File "/opt/hostedtoolcache/Python/3.11.13/x64/lib/python3.11/urllib/request.py", line 1391, in https_open
    return self.do_open(http.client.HTTPSConnection, req,
           ^^^^^^^^^^^^^^^^^^^^^^^^^^^^^^^^^^^^^^^^^^^^^^
  File "/opt/hostedtoolcache/Python/3.11.13/x64/lib/python3.11/urllib/request.py", line 1351, in do_open
    raise URLError(err)
urllib.error.URLError: <urlopen error [Errno 101] Network is unreachable>
2025-08-13 14:17:19 [scrapy.extensions.logstats] INFO: Crawled 7 pages (at 7 pages/min), scraped 0 items (at 0 items/min)
2025-08-13 14:17:19 [decrypt] INFO: blues found yt_url: https://youtu.be/hlx7w0EkrQ0
2025-08-13 14:19:34 [scrapy.core.scraper] ERROR: Spider error processing <GET https://blues2022.blogspot.com/2025/08/20258124kchatgpt4k8kclashv2ray.html> (referer: https://blues2022.blogspot.com/?m=1)
Traceback (most recent call last):
  File "/opt/hostedtoolcache/Python/3.11.13/x64/lib/python3.11/urllib/request.py", line 1348, in do_open
    h.request(req.get_method(), req.selector, req.data, headers,
  File "/opt/hostedtoolcache/Python/3.11.13/x64/lib/python3.11/http/client.py", line 1303, in request
    self._send_request(method, url, body, headers, encode_chunked)
  File "/opt/hostedtoolcache/Python/3.11.13/x64/lib/python3.11/http/client.py", line 1349, in _send_request
    self.endheaders(body, encode_chunked=encode_chunked)
  File "/opt/hostedtoolcache/Python/3.11.13/x64/lib/python3.11/http/client.py", line 1298, in endheaders
    self._send_output(message_body, encode_chunked=encode_chunked)
  File "/opt/hostedtoolcache/Python/3.11.13/x64/lib/python3.11/http/client.py", line 1058, in _send_output
    self.send(msg)
  File "/opt/hostedtoolcache/Python/3.11.13/x64/lib/python3.11/http/client.py", line 996, in send
    self.connect()
  File "/opt/hostedtoolcache/Python/3.11.13/x64/lib/python3.11/http/client.py", line 1468, in connect
    super().connect()
  File "/opt/hostedtoolcache/Python/3.11.13/x64/lib/python3.11/http/client.py", line 962, in connect
    self.sock = self._create_connection(
                ^^^^^^^^^^^^^^^^^^^^^^^^
  File "/opt/hostedtoolcache/Python/3.11.13/x64/lib/python3.11/socket.py", line 863, in create_connection
    raise exceptions[0]
  File "/opt/hostedtoolcache/Python/3.11.13/x64/lib/python3.11/socket.py", line 848, in create_connection
    sock.connect(sa)
OSError: [Errno 101] Network is unreachable

During handling of the above exception, another exception occurred:

Traceback (most recent call last):
  File "/opt/hostedtoolcache/Python/3.11.13/x64/lib/python3.11/site-packages/scrapy/utils/defer.py", line 343, in iter_errback
    yield next(it)
          ^^^^^^^^
  File "/opt/hostedtoolcache/Python/3.11.13/x64/lib/python3.11/site-packages/scrapy/utils/python.py", line 369, in __next__
    return next(self.data)
           ^^^^^^^^^^^^^^^
  File "/opt/hostedtoolcache/Python/3.11.13/x64/lib/python3.11/site-packages/scrapy/utils/python.py", line 369, in __next__
    return next(self.data)
           ^^^^^^^^^^^^^^^
  File "/opt/hostedtoolcache/Python/3.11.13/x64/lib/python3.11/site-packages/scrapy/core/spidermw.py", line 167, in process_sync
    yield from iterable
  File "/opt/hostedtoolcache/Python/3.11.13/x64/lib/python3.11/site-packages/scrapy/spidermiddlewares/base.py", line 58, in process_spider_output
    for o in result:
  File "/opt/hostedtoolcache/Python/3.11.13/x64/lib/python3.11/site-packages/scrapy/core/spidermw.py", line 167, in process_sync
    yield from iterable
  File "/opt/hostedtoolcache/Python/3.11.13/x64/lib/python3.11/site-packages/scrapy/spidermiddlewares/base.py", line 58, in process_spider_output
    for o in result:
  File "/opt/hostedtoolcache/Python/3.11.13/x64/lib/python3.11/site-packages/scrapy/core/spidermw.py", line 167, in process_sync
    yield from iterable
  File "/opt/hostedtoolcache/Python/3.11.13/x64/lib/python3.11/site-packages/scrapy/spidermiddlewares/base.py", line 58, in process_spider_output
    for o in result:
  File "/opt/hostedtoolcache/Python/3.11.13/x64/lib/python3.11/site-packages/scrapy/core/spidermw.py", line 167, in process_sync
    yield from iterable
  File "/opt/hostedtoolcache/Python/3.11.13/x64/lib/python3.11/site-packages/scrapy/spidermiddlewares/depth.py", line 59, in process_spider_output
    yield from super().process_spider_output(response, result, spider)
  File "/opt/hostedtoolcache/Python/3.11.13/x64/lib/python3.11/site-packages/scrapy/spidermiddlewares/base.py", line 58, in process_spider_output
    for o in result:
  File "/opt/hostedtoolcache/Python/3.11.13/x64/lib/python3.11/site-packages/scrapy/core/spidermw.py", line 167, in process_sync
    yield from iterable
  File "/home/runner/work/Nodes/Nodes/NodeScrapy/spiders/DecryptSpider.py", line 76, in parse_blog
    pwdfinder = PwdFinder(name, self.logger, yt_url)
                ^^^^^^^^^^^^^^^^^^^^^^^^^^^^^^^^^^^^
  File "/home/runner/work/Nodes/Nodes/utils/PwdFinder.py", line 65, in __init__
    match = re.search(r"(?:\d{4}[-年])?(\d{1,2})[-月](\d{1,2})", yt.title)
                                                                 ^^^^^^^^
  File "/opt/hostedtoolcache/Python/3.11.13/x64/lib/python3.11/site-packages/pytubefix/__main__.py", line 792, in title
    self._author = self.vid_info.get("videoDetails", {}).get(
                   ^^^^^^^^^^^^^
  File "/opt/hostedtoolcache/Python/3.11.13/x64/lib/python3.11/site-packages/pytubefix/__main__.py", line 518, in vid_info
    innertube_response = call_innertube()
                         ^^^^^^^^^^^^^^^^
  File "/opt/hostedtoolcache/Python/3.11.13/x64/lib/python3.11/site-packages/pytubefix/__main__.py", line 500, in call_innertube
    innertube.innertube_context.update(self.signature_timestamp)
                                       ^^^^^^^^^^^^^^^^^^^^^^^^
  File "/opt/hostedtoolcache/Python/3.11.13/x64/lib/python3.11/site-packages/pytubefix/__main__.py", line 451, in signature_timestamp
    'signatureTimestamp': extract.signature_timestamp(self.js)
                                                      ^^^^^^^
  File "/opt/hostedtoolcache/Python/3.11.13/x64/lib/python3.11/site-packages/pytubefix/__main__.py", line 219, in js
    if pytubefix.__js_url__ != self.js_url:
                               ^^^^^^^^^^^
  File "/opt/hostedtoolcache/Python/3.11.13/x64/lib/python3.11/site-packages/pytubefix/__main__.py", line 205, in js_url
    if self.age_restricted:
       ^^^^^^^^^^^^^^^^^^^
  File "/opt/hostedtoolcache/Python/3.11.13/x64/lib/python3.11/site-packages/pytubefix/__main__.py", line 197, in age_restricted
    self._age_restricted = extract.is_age_restricted(self.watch_html)
                                                     ^^^^^^^^^^^^^^^
  File "/opt/hostedtoolcache/Python/3.11.13/x64/lib/python3.11/site-packages/pytubefix/__main__.py", line 183, in watch_html
    self._watch_html = request.get(url=self.watch_url)
                       ^^^^^^^^^^^^^^^^^^^^^^^^^^^^^^^
  File "/opt/hostedtoolcache/Python/3.11.13/x64/lib/python3.11/site-packages/pytubefix/request.py", line 51, in get
    response = _execute_request(url, headers=extra_headers, timeout=timeout)
               ^^^^^^^^^^^^^^^^^^^^^^^^^^^^^^^^^^^^^^^^^^^^^^^^^^^^^^^^^^^^^
  File "/opt/hostedtoolcache/Python/3.11.13/x64/lib/python3.11/site-packages/pytubefix/request.py", line 35, in _execute_request
    return urlopen(request, timeout=timeout)  # nosec
           ^^^^^^^^^^^^^^^^^^^^^^^^^^^^^^^^^
  File "/opt/hostedtoolcache/Python/3.11.13/x64/lib/python3.11/urllib/request.py", line 216, in urlopen
    return opener.open(url, data, timeout)
           ^^^^^^^^^^^^^^^^^^^^^^^^^^^^^^^
  File "/opt/hostedtoolcache/Python/3.11.13/x64/lib/python3.11/urllib/request.py", line 519, in open
    response = self._open(req, data)
               ^^^^^^^^^^^^^^^^^^^^^
  File "/opt/hostedtoolcache/Python/3.11.13/x64/lib/python3.11/urllib/request.py", line 536, in _open
    result = self._call_chain(self.handle_open, protocol, protocol +
             ^^^^^^^^^^^^^^^^^^^^^^^^^^^^^^^^^^^^^^^^^^^^^^^^^^^^^^^
  File "/opt/hostedtoolcache/Python/3.11.13/x64/lib/python3.11/urllib/request.py", line 496, in _call_chain
    result = func(*args)
             ^^^^^^^^^^^
  File "/opt/hostedtoolcache/Python/3.11.13/x64/lib/python3.11/urllib/request.py", line 1391, in https_open
    return self.do_open(http.client.HTTPSConnection, req,
           ^^^^^^^^^^^^^^^^^^^^^^^^^^^^^^^^^^^^^^^^^^^^^^
  File "/opt/hostedtoolcache/Python/3.11.13/x64/lib/python3.11/urllib/request.py", line 1351, in do_open
    raise URLError(err)
urllib.error.URLError: <urlopen error [Errno 101] Network is unreachable>
2025-08-13 14:19:34 [decrypt] INFO: blues found yt_url: https://youtu.be/E0awOYKowZc
2025-08-13 14:21:50 [scrapy.core.scraper] ERROR: Spider error processing <GET https://blues2022.blogspot.com/2025/08/20258134kchatgpt4k8kclashv2ray.html?m=1> (referer: https://blues2022.blogspot.com/?m=1)
Traceback (most recent call last):
  File "/opt/hostedtoolcache/Python/3.11.13/x64/lib/python3.11/urllib/request.py", line 1348, in do_open
    h.request(req.get_method(), req.selector, req.data, headers,
  File "/opt/hostedtoolcache/Python/3.11.13/x64/lib/python3.11/http/client.py", line 1303, in request
    self._send_request(method, url, body, headers, encode_chunked)
  File "/opt/hostedtoolcache/Python/3.11.13/x64/lib/python3.11/http/client.py", line 1349, in _send_request
    self.endheaders(body, encode_chunked=encode_chunked)
  File "/opt/hostedtoolcache/Python/3.11.13/x64/lib/python3.11/http/client.py", line 1298, in endheaders
    self._send_output(message_body, encode_chunked=encode_chunked)
  File "/opt/hostedtoolcache/Python/3.11.13/x64/lib/python3.11/http/client.py", line 1058, in _send_output
    self.send(msg)
  File "/opt/hostedtoolcache/Python/3.11.13/x64/lib/python3.11/http/client.py", line 996, in send
    self.connect()
  File "/opt/hostedtoolcache/Python/3.11.13/x64/lib/python3.11/http/client.py", line 1468, in connect
    super().connect()
  File "/opt/hostedtoolcache/Python/3.11.13/x64/lib/python3.11/http/client.py", line 962, in connect
    self.sock = self._create_connection(
                ^^^^^^^^^^^^^^^^^^^^^^^^
  File "/opt/hostedtoolcache/Python/3.11.13/x64/lib/python3.11/socket.py", line 863, in create_connection
    raise exceptions[0]
  File "/opt/hostedtoolcache/Python/3.11.13/x64/lib/python3.11/socket.py", line 848, in create_connection
    sock.connect(sa)
OSError: [Errno 101] Network is unreachable

During handling of the above exception, another exception occurred:

Traceback (most recent call last):
  File "/opt/hostedtoolcache/Python/3.11.13/x64/lib/python3.11/site-packages/scrapy/utils/defer.py", line 343, in iter_errback
    yield next(it)
          ^^^^^^^^
  File "/opt/hostedtoolcache/Python/3.11.13/x64/lib/python3.11/site-packages/scrapy/utils/python.py", line 369, in __next__
    return next(self.data)
           ^^^^^^^^^^^^^^^
  File "/opt/hostedtoolcache/Python/3.11.13/x64/lib/python3.11/site-packages/scrapy/utils/python.py", line 369, in __next__
    return next(self.data)
           ^^^^^^^^^^^^^^^
  File "/opt/hostedtoolcache/Python/3.11.13/x64/lib/python3.11/site-packages/scrapy/core/spidermw.py", line 167, in process_sync
    yield from iterable
  File "/opt/hostedtoolcache/Python/3.11.13/x64/lib/python3.11/site-packages/scrapy/spidermiddlewares/base.py", line 58, in process_spider_output
    for o in result:
  File "/opt/hostedtoolcache/Python/3.11.13/x64/lib/python3.11/site-packages/scrapy/core/spidermw.py", line 167, in process_sync
    yield from iterable
  File "/opt/hostedtoolcache/Python/3.11.13/x64/lib/python3.11/site-packages/scrapy/spidermiddlewares/base.py", line 58, in process_spider_output
    for o in result:
  File "/opt/hostedtoolcache/Python/3.11.13/x64/lib/python3.11/site-packages/scrapy/core/spidermw.py", line 167, in process_sync
    yield from iterable
  File "/opt/hostedtoolcache/Python/3.11.13/x64/lib/python3.11/site-packages/scrapy/spidermiddlewares/base.py", line 58, in process_spider_output
    for o in result:
  File "/opt/hostedtoolcache/Python/3.11.13/x64/lib/python3.11/site-packages/scrapy/core/spidermw.py", line 167, in process_sync
    yield from iterable
  File "/opt/hostedtoolcache/Python/3.11.13/x64/lib/python3.11/site-packages/scrapy/spidermiddlewares/depth.py", line 59, in process_spider_output
    yield from super().process_spider_output(response, result, spider)
  File "/opt/hostedtoolcache/Python/3.11.13/x64/lib/python3.11/site-packages/scrapy/spidermiddlewares/base.py", line 58, in process_spider_output
    for o in result:
  File "/opt/hostedtoolcache/Python/3.11.13/x64/lib/python3.11/site-packages/scrapy/core/spidermw.py", line 167, in process_sync
    yield from iterable
  File "/home/runner/work/Nodes/Nodes/NodeScrapy/spiders/DecryptSpider.py", line 76, in parse_blog
    pwdfinder = PwdFinder(name, self.logger, yt_url)
                ^^^^^^^^^^^^^^^^^^^^^^^^^^^^^^^^^^^^
  File "/home/runner/work/Nodes/Nodes/utils/PwdFinder.py", line 65, in __init__
    match = re.search(r"(?:\d{4}[-年])?(\d{1,2})[-月](\d{1,2})", yt.title)
                                                                 ^^^^^^^^
  File "/opt/hostedtoolcache/Python/3.11.13/x64/lib/python3.11/site-packages/pytubefix/__main__.py", line 792, in title
    self._author = self.vid_info.get("videoDetails", {}).get(
                   ^^^^^^^^^^^^^
  File "/opt/hostedtoolcache/Python/3.11.13/x64/lib/python3.11/site-packages/pytubefix/__main__.py", line 518, in vid_info
    innertube_response = call_innertube()
                         ^^^^^^^^^^^^^^^^
  File "/opt/hostedtoolcache/Python/3.11.13/x64/lib/python3.11/site-packages/pytubefix/__main__.py", line 500, in call_innertube
    innertube.innertube_context.update(self.signature_timestamp)
                                       ^^^^^^^^^^^^^^^^^^^^^^^^
  File "/opt/hostedtoolcache/Python/3.11.13/x64/lib/python3.11/site-packages/pytubefix/__main__.py", line 451, in signature_timestamp
    'signatureTimestamp': extract.signature_timestamp(self.js)
                                                      ^^^^^^^
  File "/opt/hostedtoolcache/Python/3.11.13/x64/lib/python3.11/site-packages/pytubefix/__main__.py", line 220, in js
    self._js = request.get(self.js_url)
               ^^^^^^^^^^^^^^^^^^^^^^^^
  File "/opt/hostedtoolcache/Python/3.11.13/x64/lib/python3.11/site-packages/pytubefix/request.py", line 51, in get
    response = _execute_request(url, headers=extra_headers, timeout=timeout)
               ^^^^^^^^^^^^^^^^^^^^^^^^^^^^^^^^^^^^^^^^^^^^^^^^^^^^^^^^^^^^^
  File "/opt/hostedtoolcache/Python/3.11.13/x64/lib/python3.11/site-packages/pytubefix/request.py", line 35, in _execute_request
    return urlopen(request, timeout=timeout)  # nosec
           ^^^^^^^^^^^^^^^^^^^^^^^^^^^^^^^^^
  File "/opt/hostedtoolcache/Python/3.11.13/x64/lib/python3.11/urllib/request.py", line 216, in urlopen
    return opener.open(url, data, timeout)
           ^^^^^^^^^^^^^^^^^^^^^^^^^^^^^^^
  File "/opt/hostedtoolcache/Python/3.11.13/x64/lib/python3.11/urllib/request.py", line 519, in open
    response = self._open(req, data)
               ^^^^^^^^^^^^^^^^^^^^^
  File "/opt/hostedtoolcache/Python/3.11.13/x64/lib/python3.11/urllib/request.py", line 536, in _open
    result = self._call_chain(self.handle_open, protocol, protocol +
             ^^^^^^^^^^^^^^^^^^^^^^^^^^^^^^^^^^^^^^^^^^^^^^^^^^^^^^^
  File "/opt/hostedtoolcache/Python/3.11.13/x64/lib/python3.11/urllib/request.py", line 496, in _call_chain
    result = func(*args)
             ^^^^^^^^^^^
  File "/opt/hostedtoolcache/Python/3.11.13/x64/lib/python3.11/urllib/request.py", line 1391, in https_open
    return self.do_open(http.client.HTTPSConnection, req,
           ^^^^^^^^^^^^^^^^^^^^^^^^^^^^^^^^^^^^^^^^^^^^^^
  File "/opt/hostedtoolcache/Python/3.11.13/x64/lib/python3.11/urllib/request.py", line 1351, in do_open
    raise URLError(err)
urllib.error.URLError: <urlopen error [Errno 101] Network is unreachable>
2025-08-13 14:21:50 [scrapy.extensions.logstats] INFO: Crawled 7 pages (at 0 pages/min), scraped 0 items (at 0 items/min)
2025-08-13 14:21:50 [scrapy.core.engine] INFO: Closing spider (finished)
2025-08-13 14:21:50 [scrapy.statscollectors] INFO: Dumping Scrapy stats:
{'downloader/request_bytes': 3612,
 'downloader/request_count': 10,
 'downloader/request_method_count/GET': 10,
 'downloader/response_bytes': 168302,
 'downloader/response_count': 10,
 'downloader/response_status_count/200': 5,
 'downloader/response_status_count/302': 3,
 'downloader/response_status_count/403': 1,
 'downloader/response_status_count/404': 1,
 'elapsed_time_seconds': 415.425318,
 'finish_reason': 'finished',
 'finish_time': datetime.datetime(2025, 8, 13, 14, 21, 50, 170409, tzinfo=datetime.timezone.utc),
 'httpcompression/response_bytes': 971147,
 'httpcompression/response_count': 7,
 'httperror/response_ignored_count': 1,
 'httperror/response_ignored_status_count/403': 1,
 'items_per_minute': 0.0,
 'log_count/ERROR': 3,
 'log_count/INFO': 36,
 'log_count/WARNING': 3,
 'memusage/max': 321318912,
 'memusage/startup': 303104000,
 'request_depth_max': 1,
 'response_received_count': 7,
 'responses_per_minute': 1.0120481927710843,
 'robotstxt/request_count': 2,
 'robotstxt/response_count': 2,
 'robotstxt/response_status_count/200': 1,
 'robotstxt/response_status_count/404': 1,
 'scheduler/dequeued': 7,
 'scheduler/dequeued/memory': 7,
 'scheduler/enqueued': 7,
 'scheduler/enqueued/memory': 7,
 'spider_exceptions/URLError': 3,
 'spider_exceptions/count': 3,
 'start_time': datetime.datetime(2025, 8, 13, 14, 14, 54, 745091, tzinfo=datetime.timezone.utc)}
2025-08-13 14:21:50 [scrapy.core.engine] INFO: Spider closed (finished)
